<?xml version="1.0" encoding="UTF-8"?>
<!-- Generated by org.testng.reporters.JUnitXMLReporter -->
<testsuite hostname="Macintosh.local" failures="0" tests="4" name="Test" time="34.251" errors="0" timestamp="21 Aug 2019 18:10:14 GMT">
  <testcase classname="Academy.HomePage" name="basePageNavigation" time="11.291"/>
  <testcase classname="Academy.HomePage" name="basePageNavigation" time="2.952"/>
  <testcase classname="Academy.ValidateTitle" name="basepagenavigation" time="0.036"/>
  <testcase classname="Academy.ValidateNavigationBar" name="basepagenavigation" time="0.03"/>
</testsuite> <!-- Test -->
