<?xml version="1.0" encoding="UTF-8"?>
<testng-results total="4" passed="4" failed="0" skipped="0">
  <reporter-output>
  </reporter-output>
  <suite started-at="2019-08-21T18:09:39Z" name="Suite" finished-at="2019-08-21T18:10:14Z" duration-ms="34251">
    <groups>
    </groups>
    <test started-at="2019-08-21T18:09:39Z" name="Test" finished-at="2019-08-21T18:10:14Z" duration-ms="34251">
      <class name="Academy.ValidateTitle">
        <test-method signature="basepagenavigation()[pri:0, instance:Academy.ValidateTitle@7586beff]" started-at="2019-08-21T11:10:13Z" name="basepagenavigation" finished-at="2019-08-21T11:10:13Z" duration-ms="36" status="PASS">
          <reporter-output>
          </reporter-output>
        </test-method> <!-- basepagenavigation -->
      </class> <!-- Academy.ValidateTitle -->
      <class name="Academy.HomePage">
        <test-method is-config="true" signature="Intializer()[pri:0, instance:Academy.HomePage@6c6cb480]" started-at="2019-08-21T11:09:39Z" name="Intializer" finished-at="2019-08-21T11:09:41Z" duration-ms="1523" status="PASS">
          <reporter-output>
          </reporter-output>
        </test-method> <!-- Intializer -->
        <test-method is-config="true" signature="Intializer()[pri:0, instance:Academy.ValidateNavigationBar@3b69e7d1]" started-at="2019-08-21T11:09:41Z" name="Intializer" finished-at="2019-08-21T11:09:50Z" duration-ms="8997" status="PASS">
          <reporter-output>
          </reporter-output>
        </test-method> <!-- Intializer -->
        <test-method is-config="true" signature="Intializer()[pri:0, instance:Academy.ValidateTitle@7586beff]" started-at="2019-08-21T11:09:50Z" name="Intializer" finished-at="2019-08-21T11:09:59Z" duration-ms="8705" status="PASS">
          <reporter-output>
          </reporter-output>
        </test-method> <!-- Intializer -->
        <test-method signature="basePageNavigation(java.lang.String, java.lang.String)[pri:0, instance:Academy.HomePage@6c6cb480]" started-at="2019-08-21T11:09:59Z" name="basePageNavigation" data-provider="getData" finished-at="2019-08-21T11:10:10Z" duration-ms="11291" status="PASS">
          <params>
            <param index="0">
              <value>
                <![CDATA[abc]]>
              </value>
            </param>
            <param index="1">
              <value>
                <![CDATA[1234]]>
              </value>
            </param>
          </params>
          <reporter-output>
          </reporter-output>
        </test-method> <!-- basePageNavigation -->
        <test-method signature="basePageNavigation(java.lang.String, java.lang.String)[pri:0, instance:Academy.HomePage@6c6cb480]" started-at="2019-08-21T11:10:10Z" name="basePageNavigation" data-provider="getData" finished-at="2019-08-21T11:10:13Z" duration-ms="2952" status="PASS">
          <params>
            <param index="0">
              <value>
                <![CDATA[xyz]]>
              </value>
            </param>
            <param index="1">
              <value>
                <![CDATA[5678]]>
              </value>
            </param>
          </params>
          <reporter-output>
          </reporter-output>
        </test-method> <!-- basePageNavigation -->
        <test-method is-config="true" signature="teardown()[pri:0, instance:Academy.HomePage@6c6cb480]" started-at="2019-08-21T11:10:13Z" name="teardown" finished-at="2019-08-21T11:10:13Z" duration-ms="75" status="PASS">
          <reporter-output>
          </reporter-output>
        </test-method> <!-- teardown -->
        <test-method is-config="true" signature="teardown()[pri:0, instance:Academy.ValidateNavigationBar@3b69e7d1]" started-at="2019-08-21T11:10:13Z" name="teardown" finished-at="2019-08-21T11:10:13Z" duration-ms="429" status="PASS">
          <reporter-output>
          </reporter-output>
        </test-method> <!-- teardown -->
        <test-method is-config="true" signature="teardown()[pri:0, instance:Academy.ValidateTitle@7586beff]" started-at="2019-08-21T11:10:13Z" name="teardown" finished-at="2019-08-21T11:10:14Z" duration-ms="203" status="PASS">
          <reporter-output>
          </reporter-output>
        </test-method> <!-- teardown -->
      </class> <!-- Academy.HomePage -->
      <class name="Academy.ValidateNavigationBar">
        <test-method signature="basepagenavigation()[pri:0, instance:Academy.ValidateNavigationBar@3b69e7d1]" started-at="2019-08-21T11:10:13Z" name="basepagenavigation" finished-at="2019-08-21T11:10:13Z" duration-ms="30" status="PASS">
          <reporter-output>
          </reporter-output>
        </test-method> <!-- basepagenavigation -->
      </class> <!-- Academy.ValidateNavigationBar -->
    </test> <!-- Test -->
  </suite> <!-- Suite -->
</testng-results>
