<?xml version="1.0" encoding="UTF-8"?>
<testsuite xmlns:xsi="http://www.w3.org/2001/XMLSchema-instance" xsi:noNamespaceSchemaLocation="https://maven.apache.org/surefire/maven-surefire-plugin/xsd/surefire-test-report-3.0.xsd" version="3.0" name="TestSuite" time="34.559" tests="4" errors="0" skipped="0" failures="0">
  <properties>
[...]
</properties>
  <testcase name="basePageNavigation" classname="Academy.HomePage" time="11.292"/>
  <testcase name="basePageNavigation" classname="Academy.HomePage" time="2.95"/>
  <testcase name="basepagenavigation" classname="Academy.ValidateTitle" time="0.036"/>
  <testcase name="basepagenavigation" classname="Academy.ValidateNavigationBar" time="0.03"/>
</testsuite>