<?xml version="1.0" encoding="UTF-8"?>
<testng-results total="4" passed="4" failed="0" skipped="0">
  <reporter-output>
  </reporter-output>
  <suite started-at="2019-08-21T23:59:51Z" name="Suite" finished-at="2019-08-22T00:00:29Z" duration-ms="38044">
    <groups>
    </groups>
    <test started-at="2019-08-21T23:59:51Z" name="Validating HomePage" finished-at="2019-08-22T00:00:12Z" duration-ms="20830">
      <class name="Academy.HomePage">
        <test-method is-config="true" signature="Intializer()[pri:0, instance:Academy.HomePage@2aece37d]" started-at="2019-08-21T16:59:51Z" name="Intializer" finished-at="2019-08-21T16:59:52Z" duration-ms="1552" status="PASS">
          <reporter-output>
          </reporter-output>
        </test-method> <!-- Intializer -->
        <test-method signature="HomePageValidation(java.lang.String, java.lang.String)[pri:0, instance:Academy.HomePage@2aece37d]" started-at="2019-08-21T16:59:52Z" name="HomePageValidation" data-provider="getData" finished-at="2019-08-21T17:00:04Z" duration-ms="11988" status="PASS">
          <params>
            <param index="0">
              <value>
                <![CDATA[abc]]>
              </value>
            </param>
            <param index="1">
              <value>
                <![CDATA[1234]]>
              </value>
            </param>
          </params>
          <reporter-output>
          </reporter-output>
        </test-method> <!-- HomePageValidation -->
        <test-method signature="HomePageValidation(java.lang.String, java.lang.String)[pri:0, instance:Academy.HomePage@2aece37d]" started-at="2019-08-21T17:00:04Z" name="HomePageValidation" data-provider="getData" finished-at="2019-08-21T17:00:11Z" duration-ms="7197" status="PASS">
          <params>
            <param index="0">
              <value>
                <![CDATA[xyz]]>
              </value>
            </param>
            <param index="1">
              <value>
                <![CDATA[5678]]>
              </value>
            </param>
          </params>
          <reporter-output>
          </reporter-output>
        </test-method> <!-- HomePageValidation -->
        <test-method is-config="true" signature="teardown()[pri:0, instance:Academy.HomePage@2aece37d]" started-at="2019-08-21T17:00:11Z" name="teardown" finished-at="2019-08-21T17:00:12Z" duration-ms="81" status="PASS">
          <reporter-output>
          </reporter-output>
        </test-method> <!-- teardown -->
      </class> <!-- Academy.HomePage -->
    </test> <!-- Validating HomePage -->
    <test started-at="2019-08-22T00:00:12Z" name="Validating Title" finished-at="2019-08-22T00:00:20Z" duration-ms="8612">
      <class name="Academy.ValidateTitle">
        <test-method is-config="true" signature="Intializer()[pri:0, instance:Academy.ValidateTitle@19d37183]" started-at="2019-08-21T17:00:12Z" name="Intializer" finished-at="2019-08-21T17:00:20Z" duration-ms="8399" status="PASS">
          <reporter-output>
          </reporter-output>
        </test-method> <!-- Intializer -->
        <test-method signature="TitleValidation()[pri:0, instance:Academy.ValidateTitle@19d37183]" started-at="2019-08-21T17:00:20Z" name="TitleValidation" finished-at="2019-08-21T17:00:20Z" duration-ms="35" status="PASS">
          <reporter-output>
          </reporter-output>
        </test-method> <!-- TitleValidation -->
        <test-method is-config="true" signature="teardown()[pri:0, instance:Academy.ValidateTitle@19d37183]" started-at="2019-08-21T17:00:20Z" name="teardown" finished-at="2019-08-21T17:00:20Z" duration-ms="175" status="PASS">
          <reporter-output>
          </reporter-output>
        </test-method> <!-- teardown -->
      </class> <!-- Academy.ValidateTitle -->
    </test> <!-- Validating Title -->
    <test started-at="2019-08-22T00:00:20Z" name="validating Navigation" finished-at="2019-08-22T00:00:29Z" duration-ms="8325">
      <class name="Academy.ValidateNavigationBar">
        <test-method is-config="true" signature="Intializer()[pri:0, instance:Academy.ValidateNavigationBar@78047b92]" started-at="2019-08-21T17:00:20Z" name="Intializer" finished-at="2019-08-21T17:00:29Z" duration-ms="8218" status="PASS">
          <reporter-output>
          </reporter-output>
        </test-method> <!-- Intializer -->
        <test-method signature="NavigationBarValidation()[pri:0, instance:Academy.ValidateNavigationBar@78047b92]" started-at="2019-08-21T17:00:29Z" name="NavigationBarValidation" finished-at="2019-08-21T17:00:29Z" duration-ms="28" status="PASS">
          <reporter-output>
          </reporter-output>
        </test-method> <!-- NavigationBarValidation -->
        <test-method is-config="true" signature="teardown()[pri:0, instance:Academy.ValidateNavigationBar@78047b92]" started-at="2019-08-21T17:00:29Z" name="teardown" finished-at="2019-08-21T17:00:29Z" duration-ms="76" status="PASS">
          <reporter-output>
          </reporter-output>
        </test-method> <!-- teardown -->
      </class> <!-- Academy.ValidateNavigationBar -->
    </test> <!-- validating Navigation -->
  </suite> <!-- Suite -->
</testng-results>
